<?xml version="1.0" encoding="UTF-8"?>
<!-- Generated by org.testng.reporters.JUnitReportReporter -->
<testsuite hostname="FrankWang-PC" name="DEMO.PracticeOnTestng" tests="2" failures="0" timestamp="27 Nov 2013 03:20:48 GMT" time="0.006" errors="0">
  <testcase name="aFastTest" time="0.005" classname="DEMO.PracticeOnTestng"/>
  <testcase name="bSlowTest" time="0.001" classname="DEMO.PracticeOnTestng"/>
</testsuite> <!-- DEMO.PracticeOnTestng -->
