<?xml version="1.0" encoding="UTF-8"?>
<!-- Generated by org.testng.reporters.JUnitReportReporter -->
<testsuite hostname="FrankWang-PC" name="ChuangYuan1.WebDriver_Prepaid" tests="1" failures="1" timestamp="18 Jul 2014 08:26:37 GMT" time="59.750" errors="0">
  <testcase name="searchOnBaidu" time="59.750" classname="ChuangYuan1.WebDriver_Prepaid">
    <failure type="org.openqa.selenium.WebDriverException" message="Failed to connect to binary FirefoxBinary(C:\Program Files\Mozilla Firefox\firefox.exe) on port 7055; process output follows: 
ch\\Firefox&quot;,&quot;mtime&quot;:1373362302911,&quot;rdfTime&quot;:1277290800000}}},{&quot;name&quot;:&quot;app-global&quot;,&quot;addons&quot;:{&quot;{82AF8DCA-6DE9-405D-BD5E-43525BDAD38A}&quot;:{&quot;descriptor&quot;:&quot;C:\\Program Files\\Mozilla Firefox\\browser\\extensions\\{82AF8DCA-6DE9-405D-BD5E-43525BDAD38A}&quot;,&quot;mtime&quot;:1403074829567,&quot;rdfTime&quot;:1381287482000},&quot;{972ce4c6-7e08-4474-a285-3208198ce6fd}&quot;:{&quot;descriptor&quot;:&quot;C:\\Program Files\\Mozilla Firefox\\browser\\extensions\\{972ce4c6-7e08-4474-a285-3208198ce6fd}&quot;,&quot;mtime&quot;:1403074840286,&quot;rdfTime&quot;:1403074840168}}},{&quot;name&quot;:&quot;winreg-app-user&quot;,&quot;addons&quot;:{&quot;dict@www.youdao.com&quot;:{&quot;descriptor&quot;:&quot;D:\\Program Files\\Youdao\\Dict\\stable\\extensions\\firefox&quot;,&quot;mtime&quot;:1373875467523,&quot;rdfTime&quot;:1361500470000}}},{&quot;name&quot;:&quot;app-profile&quot;,&quot;addons&quot;:{&quot;fxdriver@googlecode.com&quot;:{&quot;descriptor&quot;:&quot;C:\\Users\\FRANKW~1\\AppData\\Local\\Temp\\anonymous45053webdriver-profile\\extensions\\fxdriver@googlecode.com&quot;,&quot;mtime&quot;:1405671942413,&quot;rdfTime&quot;:1405671941363}}}]
1405671947417	addons.xpi-utils	DEBUG	Opening XPI database C:\Users\FRANKW~1\AppData\Local\Temp\anonymous45053webdriver-profile\extensions.json
1405671947423	addons.xpi	DEBUG	New add-on fxdriver@googlecode.com installed in app-profile
*** Blocklist::_loadBlocklistFromFile: blocklist is disabled
1405671948027	addons.xpi-utils	DEBUG	Make addon app-profile:fxdriver@googlecode.com visible
1405671948029	DeferredSave.extensions.json	DEBUG	Save changes
1405671948030	DeferredSave.extensions.json	DEBUG	Save changes
1405671948030	addons.xpi	DEBUG	New add-on dict@www.youdao.com installed in winreg-app-user
1405671948063	addons.xpi-utils	DEBUG	Make addon winreg-app-user:dict@www.youdao.com visible
1405671948063	DeferredSave.extensions.json	DEBUG	Save changes
1405671948063	DeferredSave.extensions.json	DEBUG	Save changes
1405671948063	addons.xpi	DEBUG	New add-on {82AF8DCA-6DE9-405D-BD5E-43525BDAD38A} installed in app-global
1405671948086	addons.xpi-utils	DEBUG	Make addon app-global:{82AF8DCA-6DE9-405D-BD5E-43525BDAD38A} visible
1405671948086	DeferredSave.extensions.json	DEBUG	Save changes
1405671948086	DeferredSave.extensions.json	DEBUG	Save changes
1405671948086	addons.xpi	DEBUG	New add-on {972ce4c6-7e08-4474-a285-3208198ce6fd} installed in app-global
1405671948094	addons.xpi-utils	DEBUG	Make addon app-global:{972ce4c6-7e08-4474-a285-3208198ce6fd} visible
1405671948094	DeferredSave.extensions.json	DEBUG	Save changes
1405671948094	DeferredSave.extensions.json	DEBUG	Save changes
1405671948095	addons.xpi	DEBUG	New add-on {1E2593B2-E106-4697-BCE7-A9D30DE05D73} installed in winreg-app-global
1405671948126	addons.xpi-utils	DEBUG	Make addon winreg-app-global:{1E2593B2-E106-4697-BCE7-A9D30DE05D73} visible
1405671948127	DeferredSave.extensions.json	DEBUG	Save changes
1405671948127	DeferredSave.extensions.json	DEBUG	Save changes
1405671948162	addons.xpi	DEBUG	Updating database with changes to installed add-ons
1405671948162	addons.xpi-utils	DEBUG	Updating add-on states
1405671948164	addons.xpi-utils	DEBUG	Writing add-ons list
1405671951287	DeferredSave.extensions.json	DEBUG	Starting timer
1405671951372	DeferredSave.extensions.json	DEBUG	Starting write
1405671951571	addons.manager	DEBUG	shutdown
1405671951572	addons.xpi	DEBUG	shutdown
1405671951572	addons.xpi-utils	DEBUG	shutdown
1405671951596	DeferredSave.extensions.json	DEBUG	Write succeeded
1405671951596	addons.xpi-utils	DEBUG	XPI Database saved, setting schema version preference to 16
1405671951596	addons.xpi	DEBUG	Notifying XPI shutdown observers
1405671951599	addons.manager	DEBUG	Async provider shutdown done
1405671953955	addons.xpi	DEBUG	startup
1405671953955	addons.xpi	DEBUG	Skipping unavailable install location app-system-local
1405671953956	addons.xpi	DEBUG	Skipping unavailable install location app-system-share
1405671953957	addons.xpi	DEBUG	Ignoring file entry whose name is not a valid add-on ID: C:\Users\FRANKW~1\AppData\Local\Temp\anonymous45053webdriver-profile\extensions\webdriver-staging
1405671953958	addons.xpi	DEBUG	checkForChanges
1405671953991	addons.xpi	DEBUG	No changes found
*** Blocklist::_loadBlocklistFromFile: blocklist is disabled

Build info: version: &#039;2.37.0&#039;, revision: &#039;a7c61cbd68657e133ae96672cf995890bad2ee42&#039;, time: &#039;2013-10-18 09:51:02&#039;
System info: host: &#039;FrankWang-PC&#039;, ip: &#039;10.100.70.144&#039;, os.name: &#039;Windows Vista&#039;, os.arch: &#039;x86&#039;, os.version: &#039;6.1&#039;, java.version: &#039;1.6.0_10-rc2&#039;
Driver info: driver.version: FirefoxDriver">
      <![CDATA[org.openqa.selenium.WebDriverException: Failed to connect to binary FirefoxBinary(C:\Program Files\Mozilla Firefox\firefox.exe) on port 7055; process output follows: 
ch\\Firefox","mtime":1373362302911,"rdfTime":1277290800000}}},{"name":"app-global","addons":{"{82AF8DCA-6DE9-405D-BD5E-43525BDAD38A}":{"descriptor":"C:\\Program Files\\Mozilla Firefox\\browser\\extensions\\{82AF8DCA-6DE9-405D-BD5E-43525BDAD38A}","mtime":1403074829567,"rdfTime":1381287482000},"{972ce4c6-7e08-4474-a285-3208198ce6fd}":{"descriptor":"C:\\Program Files\\Mozilla Firefox\\browser\\extensions\\{972ce4c6-7e08-4474-a285-3208198ce6fd}","mtime":1403074840286,"rdfTime":1403074840168}}},{"name":"winreg-app-user","addons":{"dict@www.youdao.com":{"descriptor":"D:\\Program Files\\Youdao\\Dict\\stable\\extensions\\firefox","mtime":1373875467523,"rdfTime":1361500470000}}},{"name":"app-profile","addons":{"fxdriver@googlecode.com":{"descriptor":"C:\\Users\\FRANKW~1\\AppData\\Local\\Temp\\anonymous45053webdriver-profile\\extensions\\fxdriver@googlecode.com","mtime":1405671942413,"rdfTime":1405671941363}}}]
1405671947417	addons.xpi-utils	DEBUG	Opening XPI database C:\Users\FRANKW~1\AppData\Local\Temp\anonymous45053webdriver-profile\extensions.json
1405671947423	addons.xpi	DEBUG	New add-on fxdriver@googlecode.com installed in app-profile
*** Blocklist::_loadBlocklistFromFile: blocklist is disabled
1405671948027	addons.xpi-utils	DEBUG	Make addon app-profile:fxdriver@googlecode.com visible
1405671948029	DeferredSave.extensions.json	DEBUG	Save changes
1405671948030	DeferredSave.extensions.json	DEBUG	Save changes
1405671948030	addons.xpi	DEBUG	New add-on dict@www.youdao.com installed in winreg-app-user
1405671948063	addons.xpi-utils	DEBUG	Make addon winreg-app-user:dict@www.youdao.com visible
1405671948063	DeferredSave.extensions.json	DEBUG	Save changes
1405671948063	DeferredSave.extensions.json	DEBUG	Save changes
1405671948063	addons.xpi	DEBUG	New add-on {82AF8DCA-6DE9-405D-BD5E-43525BDAD38A} installed in app-global
1405671948086	addons.xpi-utils	DEBUG	Make addon app-global:{82AF8DCA-6DE9-405D-BD5E-43525BDAD38A} visible
1405671948086	DeferredSave.extensions.json	DEBUG	Save changes
1405671948086	DeferredSave.extensions.json	DEBUG	Save changes
1405671948086	addons.xpi	DEBUG	New add-on {972ce4c6-7e08-4474-a285-3208198ce6fd} installed in app-global
1405671948094	addons.xpi-utils	DEBUG	Make addon app-global:{972ce4c6-7e08-4474-a285-3208198ce6fd} visible
1405671948094	DeferredSave.extensions.json	DEBUG	Save changes
1405671948094	DeferredSave.extensions.json	DEBUG	Save changes
1405671948095	addons.xpi	DEBUG	New add-on {1E2593B2-E106-4697-BCE7-A9D30DE05D73} installed in winreg-app-global
1405671948126	addons.xpi-utils	DEBUG	Make addon winreg-app-global:{1E2593B2-E106-4697-BCE7-A9D30DE05D73} visible
1405671948127	DeferredSave.extensions.json	DEBUG	Save changes
1405671948127	DeferredSave.extensions.json	DEBUG	Save changes
1405671948162	addons.xpi	DEBUG	Updating database with changes to installed add-ons
1405671948162	addons.xpi-utils	DEBUG	Updating add-on states
1405671948164	addons.xpi-utils	DEBUG	Writing add-ons list
1405671951287	DeferredSave.extensions.json	DEBUG	Starting timer
1405671951372	DeferredSave.extensions.json	DEBUG	Starting write
1405671951571	addons.manager	DEBUG	shutdown
1405671951572	addons.xpi	DEBUG	shutdown
1405671951572	addons.xpi-utils	DEBUG	shutdown
1405671951596	DeferredSave.extensions.json	DEBUG	Write succeeded
1405671951596	addons.xpi-utils	DEBUG	XPI Database saved, setting schema version preference to 16
1405671951596	addons.xpi	DEBUG	Notifying XPI shutdown observers
1405671951599	addons.manager	DEBUG	Async provider shutdown done
1405671953955	addons.xpi	DEBUG	startup
1405671953955	addons.xpi	DEBUG	Skipping unavailable install location app-system-local
1405671953956	addons.xpi	DEBUG	Skipping unavailable install location app-system-share
1405671953957	addons.xpi	DEBUG	Ignoring file entry whose name is not a valid add-on ID: C:\Users\FRANKW~1\AppData\Local\Temp\anonymous45053webdriver-profile\extensions\webdriver-staging
1405671953958	addons.xpi	DEBUG	checkForChanges
1405671953991	addons.xpi	DEBUG	No changes found
*** Blocklist::_loadBlocklistFromFile: blocklist is disabled

Build info: version: '2.37.0', revision: 'a7c61cbd68657e133ae96672cf995890bad2ee42', time: '2013-10-18 09:51:02'
System info: host: 'FrankWang-PC', ip: '10.100.70.144', os.name: 'Windows Vista', os.arch: 'x86', os.version: '6.1', java.version: '1.6.0_10-rc2'
Driver info: driver.version: FirefoxDriver
	at org.openqa.selenium.firefox.internal.NewProfileExtensionConnection.start(NewProfileExtensionConnection.java:120)
	at org.openqa.selenium.firefox.FirefoxDriver.startClient(FirefoxDriver.java:250)
	at org.openqa.selenium.remote.RemoteWebDriver.<init>(RemoteWebDriver.java:110)
	at org.openqa.selenium.firefox.FirefoxDriver.<init>(FirefoxDriver.java:195)
	at org.openqa.selenium.firefox.FirefoxDriver.<init>(FirefoxDriver.java:190)
	at org.openqa.selenium.firefox.FirefoxDriver.<init>(FirefoxDriver.java:186)
	at org.openqa.selenium.firefox.FirefoxDriver.<init>(FirefoxDriver.java:99)
	at ChuangYuan1.WebDriver_Prepaid.searchOnBaidu(WebDriver_Prepaid.java:46)
	at sun.reflect.NativeMethodAccessorImpl.invoke0(Native Method)
	at sun.reflect.NativeMethodAccessorImpl.invoke(NativeMethodAccessorImpl.java:39)
	at sun.reflect.DelegatingMethodAccessorImpl.invoke(DelegatingMethodAccessorImpl.java:25)
	at java.lang.reflect.Method.invoke(Method.java:597)
	at org.testng.internal.MethodInvocationHelper.invokeMethod(MethodInvocationHelper.java:84)
	at org.testng.internal.Invoker.invokeMethod(Invoker.java:714)
	at org.testng.internal.Invoker.invokeTestMethod(Invoker.java:901)
	at org.testng.internal.Invoker.invokeTestMethods(Invoker.java:1231)
	at org.testng.internal.TestMethodWorker.invokeTestMethods(TestMethodWorker.java:127)
	at org.testng.internal.TestMethodWorker.run(TestMethodWorker.java:111)
	at org.testng.TestRunner.privateRun(TestRunner.java:767)
	at org.testng.TestRunner.run(TestRunner.java:617)
	at org.testng.SuiteRunner.runTest(SuiteRunner.java:334)
	at org.testng.SuiteRunner.runSequentially(SuiteRunner.java:329)
	at org.testng.SuiteRunner.privateRun(SuiteRunner.java:291)
	at org.testng.SuiteRunner.run(SuiteRunner.java:240)
	at org.testng.SuiteRunnerWorker.runSuite(SuiteRunnerWorker.java:52)
	at org.testng.SuiteRunnerWorker.run(SuiteRunnerWorker.java:86)
	at org.testng.TestNG.runSuitesSequentially(TestNG.java:1224)
	at org.testng.TestNG.runSuitesLocally(TestNG.java:1149)
	at org.testng.TestNG.run(TestNG.java:1057)
	at org.testng.remote.RemoteTestNG.run(RemoteTestNG.java:111)
	at org.testng.remote.RemoteTestNG.initAndRun(RemoteTestNG.java:204)
	at org.testng.remote.RemoteTestNG.main(RemoteTestNG.java:175)
Caused by: org.openqa.selenium.firefox.NotConnectedException: Unable to connect to host 127.0.0.1 on port 7055 after 45000 ms. Firefox console output:
ch\\Firefox","mtime":1373362302911,"rdfTime":1277290800000}}},{"name":"app-global","addons":{"{82AF8DCA-6DE9-405D-BD5E-43525BDAD38A}":{"descriptor":"C:\\Program Files\\Mozilla Firefox\\browser\\extensions\\{82AF8DCA-6DE9-405D-BD5E-43525BDAD38A}","mtime":1403074829567,"rdfTime":1381287482000},"{972ce4c6-7e08-4474-a285-3208198ce6fd}":{"descriptor":"C:\\Program Files\\Mozilla Firefox\\browser\\extensions\\{972ce4c6-7e08-4474-a285-3208198ce6fd}","mtime":1403074840286,"rdfTime":1403074840168}}},{"name":"winreg-app-user","addons":{"dict@www.youdao.com":{"descriptor":"D:\\Program Files\\Youdao\\Dict\\stable\\extensions\\firefox","mtime":1373875467523,"rdfTime":1361500470000}}},{"name":"app-profile","addons":{"fxdriver@googlecode.com":{"descriptor":"C:\\Users\\FRANKW~1\\AppData\\Local\\Temp\\anonymous45053webdriver-profile\\extensions\\fxdriver@googlecode.com","mtime":1405671942413,"rdfTime":1405671941363}}}]
1405671947417	addons.xpi-utils	DEBUG	Opening XPI database C:\Users\FRANKW~1\AppData\Local\Temp\anonymous45053webdriver-profile\extensions.json
1405671947423	addons.xpi	DEBUG	New add-on fxdriver@googlecode.com installed in app-profile
*** Blocklist::_loadBlocklistFromFile: blocklist is disabled
1405671948027	addons.xpi-utils	DEBUG	Make addon app-profile:fxdriver@googlecode.com visible
1405671948029	DeferredSave.extensions.json	DEBUG	Save changes
1405671948030	DeferredSave.extensions.json	DEBUG	Save changes
1405671948030	addons.xpi	DEBUG	New add-on dict@www.youdao.com installed in winreg-app-user
1405671948063	addons.xpi-utils	DEBUG	Make addon winreg-app-user:dict@www.youdao.com visible
1405671948063	DeferredSave.extensions.json	DEBUG	Save changes
1405671948063	DeferredSave.extensions.json	DEBUG	Save changes
1405671948063	addons.xpi	DEBUG	New add-on {82AF8DCA-6DE9-405D-BD5E-43525BDAD38A} installed in app-global
1405671948086	addons.xpi-utils	DEBUG	Make addon app-global:{82AF8DCA-6DE9-405D-BD5E-43525BDAD38A} visible
1405671948086	DeferredSave.extensions.json	DEBUG	Save changes
1405671948086	DeferredSave.extensions.json	DEBUG	Save changes
1405671948086	addons.xpi	DEBUG	New add-on {972ce4c6-7e08-4474-a285-3208198ce6fd} installed in app-global
1405671948094	addons.xpi-utils	DEBUG	Make addon app-global:{972ce4c6-7e08-4474-a285-3208198ce6fd} visible
1405671948094	DeferredSave.extensions.json	DEBUG	Save changes
1405671948094	DeferredSave.extensions.json	DEBUG	Save changes
1405671948095	addons.xpi	DEBUG	New add-on {1E2593B2-E106-4697-BCE7-A9D30DE05D73} installed in winreg-app-global
1405671948126	addons.xpi-utils	DEBUG	Make addon winreg-app-global:{1E2593B2-E106-4697-BCE7-A9D30DE05D73} visible
1405671948127	DeferredSave.extensions.json	DEBUG	Save changes
1405671948127	DeferredSave.extensions.json	DEBUG	Save changes
1405671948162	addons.xpi	DEBUG	Updating database with changes to installed add-ons
1405671948162	addons.xpi-utils	DEBUG	Updating add-on states
1405671948164	addons.xpi-utils	DEBUG	Writing add-ons list
1405671951287	DeferredSave.extensions.json	DEBUG	Starting timer
1405671951372	DeferredSave.extensions.json	DEBUG	Starting write
1405671951571	addons.manager	DEBUG	shutdown
1405671951572	addons.xpi	DEBUG	shutdown
1405671951572	addons.xpi-utils	DEBUG	shutdown
1405671951596	DeferredSave.extensions.json	DEBUG	Write succeeded
1405671951596	addons.xpi-utils	DEBUG	XPI Database saved, setting schema version preference to 16
1405671951596	addons.xpi	DEBUG	Notifying XPI shutdown observers
1405671951599	addons.manager	DEBUG	Async provider shutdown done
1405671953955	addons.xpi	DEBUG	startup
1405671953955	addons.xpi	DEBUG	Skipping unavailable install location app-system-local
1405671953956	addons.xpi	DEBUG	Skipping unavailable install location app-system-share
1405671953957	addons.xpi	DEBUG	Ignoring file entry whose name is not a valid add-on ID: C:\Users\FRANKW~1\AppData\Local\Temp\anonymous45053webdriver-profile\extensions\webdriver-staging
1405671953958	addons.xpi	DEBUG	checkForChanges
1405671953991	addons.xpi	DEBUG	No changes found
*** Blocklist::_loadBlocklistFromFile: blocklist is disabled

	at org.openqa.selenium.firefox.internal.NewProfileExtensionConnection.start(NewProfileExtensionConnection.java:108)
	... 31 more
]]>
    </failure>
  </testcase> <!-- searchOnBaidu -->
</testsuite> <!-- ChuangYuan1.WebDriver_Prepaid -->
