<?xml version="1.0" encoding="UTF-8"?>
<!-- Generated by org.testng.reporters.JUnitReportReporter -->
<testsuite hostname="FrankWang-PC" name="ChuangYuan.zwq.NewTest" tests="1" failures="1" timestamp="15 Apr 2014 09:17:47 GMT" time="54.771" errors="0">
  <testcase name="fapiao" time="54.771" classname="ChuangYuan.zwq.NewTest">
    <failure type="org.openqa.selenium.WebDriverException" message="Failed to connect to binary FirefoxBinary(C:\Program Files\Mozilla Firefox\firefox.exe) on port 7055; process output follows: 
\\Program Files\\Youdao\\Dict\\stable\\extensions\\firefox&quot;,&quot;mtime&quot;:1373875467523,&quot;rdfTime&quot;:1361500470000}}},{&quot;name&quot;:&quot;app-profile&quot;,&quot;addons&quot;:{&quot;fxdriver@googlecode.com&quot;:{&quot;descriptor&quot;:&quot;C:\\Users\\FRANKW~1\\AppData\\Local\\Temp\\anonymous12631webdriver-profile\\extensions\\fxdriver@googlecode.com&quot;,&quot;mtime&quot;:1397553414630,&quot;rdfTime&quot;:1397553413966}}}]
*** LOG addons.xpi-utils: Opening XPI database C:\Users\FRANKW~1\AppData\Local\Temp\anonymous12631webdriver-profile\extensions.json
*** LOG addons.xpi: New add-on fxdriver@googlecode.com installed in app-profile
*** Blocklist::_loadBlocklistFromFile: blocklist is disabled
*** LOG addons.xpi-utils: Make addon app-profile:fxdriver@googlecode.com visible
*** LOG DeferredSave/extensions.json: Save changes
*** LOG DeferredSave/extensions.json: Save changes
*** LOG addons.xpi: New add-on {1B33E42F-EF14-4cd3-B6DC-174571C4349C} installed in winreg-app-user
*** LOG addons.xpi-utils: Make addon winreg-app-user:{1B33E42F-EF14-4cd3-B6DC-174571C4349C} visible
*** LOG DeferredSave/extensions.json: Save changes
*** LOG DeferredSave/extensions.json: Save changes
*** LOG addons.xpi: New add-on dict@www.youdao.com installed in winreg-app-user
*** LOG addons.xpi-utils: Make addon winreg-app-user:dict@www.youdao.com visible
*** LOG DeferredSave/extensions.json: Save changes
*** LOG DeferredSave/extensions.json: Save changes
*** LOG addons.xpi: New add-on {82AF8DCA-6DE9-405D-BD5E-43525BDAD38A} installed in app-global
*** LOG addons.xpi-utils: Make addon app-global:{82AF8DCA-6DE9-405D-BD5E-43525BDAD38A} visible
*** LOG DeferredSave/extensions.json: Save changes
*** LOG DeferredSave/extensions.json: Save changes
*** LOG addons.xpi: New add-on {972ce4c6-7e08-4474-a285-3208198ce6fd} installed in app-global
*** LOG addons.xpi-utils: Make addon app-global:{972ce4c6-7e08-4474-a285-3208198ce6fd} visible
*** LOG DeferredSave/extensions.json: Save changes
*** LOG DeferredSave/extensions.json: Save changes
*** LOG addons.xpi: New add-on {1E2593B2-E106-4697-BCE7-A9D30DE05D73} installed in winreg-app-global
*** LOG addons.xpi-utils: Make addon winreg-app-global:{1E2593B2-E106-4697-BCE7-A9D30DE05D73} visible
*** LOG DeferredSave/extensions.json: Save changes
*** LOG DeferredSave/extensions.json: Save changes
*** LOG addons.xpi: New add-on {1B33E42F-EF14-4cd3-B6DC-174571C4349C} installed in winreg-app-global
*** LOG DeferredSave/extensions.json: Save changes
*** LOG addons.xpi: Updating database with changes to installed add-ons
*** LOG addons.xpi-utils: Updating add-on states
*** LOG addons.xpi-utils: Writing add-ons list
*** LOG DeferredSave/extensions.json: Starting timer
*** LOG DeferredSave/extensions.json: Starting write
*** LOG DeferredSave/extensions.json: Write succeeded
*** LOG addons.xpi-utils: XPI Database saved, setting schema version preference to 15
*** LOG addons.manager: shutdown
*** LOG addons.xpi: shutdown
*** LOG addons.xpi-utils: shutdown
*** LOG addons.xpi: Notifying XPI shutdown observers
*** LOG addons.manager: Async provider shutdown done
*** LOG addons.xpi: startup
*** LOG addons.xpi: Skipping unavailable install location app-system-local
*** LOG addons.xpi: Skipping unavailable install location app-system-share
*** LOG addons.xpi: Ignoring file entry whose name is not a valid add-on ID: C:\Users\FRANKW~1\AppData\Local\Temp\anonymous12631webdriver-profile\extensions\webdriver-staging
*** LOG addons.xpi: checkForChanges
*** LOG addons.xpi: No changes found
*** Blocklist::_loadBlocklistFromFile: blocklist is disabled
JavaScript error: chrome://browser/content/urlbarBindings.xml, line 648: aUrl is undefined
JavaScript error: chrome://browser/content/urlbarBindings.xml, line 648: aUrl is undefined
JavaScript error: chrome://browser/content/urlbarBindings.xml, line 648: aUrl is undefined
JavaScript error: chrome://browser/content/urlbarBindings.xml, line 648: aUrl is undefined
*** LOG addons.manager: shutdown
*** LOG addons.xpi: shutdown
*** LOG addons.xpi: Notifying XPI shutdown observers
*** LOG addons.manager: Async provider shutdown done

Build info: version: &#039;2.37.0&#039;, revision: &#039;a7c61cbd68657e133ae96672cf995890bad2ee42&#039;, time: &#039;2013-10-18 09:51:02&#039;
System info: host: &#039;FrankWang-PC&#039;, ip: &#039;10.100.70.144&#039;, os.name: &#039;Windows Vista&#039;, os.arch: &#039;x86&#039;, os.version: &#039;6.1&#039;, java.version: &#039;1.6.0_10-rc2&#039;
Driver info: driver.version: FirefoxDriver">
      <![CDATA[org.openqa.selenium.WebDriverException: Failed to connect to binary FirefoxBinary(C:\Program Files\Mozilla Firefox\firefox.exe) on port 7055; process output follows: 
\\Program Files\\Youdao\\Dict\\stable\\extensions\\firefox","mtime":1373875467523,"rdfTime":1361500470000}}},{"name":"app-profile","addons":{"fxdriver@googlecode.com":{"descriptor":"C:\\Users\\FRANKW~1\\AppData\\Local\\Temp\\anonymous12631webdriver-profile\\extensions\\fxdriver@googlecode.com","mtime":1397553414630,"rdfTime":1397553413966}}}]
*** LOG addons.xpi-utils: Opening XPI database C:\Users\FRANKW~1\AppData\Local\Temp\anonymous12631webdriver-profile\extensions.json
*** LOG addons.xpi: New add-on fxdriver@googlecode.com installed in app-profile
*** Blocklist::_loadBlocklistFromFile: blocklist is disabled
*** LOG addons.xpi-utils: Make addon app-profile:fxdriver@googlecode.com visible
*** LOG DeferredSave/extensions.json: Save changes
*** LOG DeferredSave/extensions.json: Save changes
*** LOG addons.xpi: New add-on {1B33E42F-EF14-4cd3-B6DC-174571C4349C} installed in winreg-app-user
*** LOG addons.xpi-utils: Make addon winreg-app-user:{1B33E42F-EF14-4cd3-B6DC-174571C4349C} visible
*** LOG DeferredSave/extensions.json: Save changes
*** LOG DeferredSave/extensions.json: Save changes
*** LOG addons.xpi: New add-on dict@www.youdao.com installed in winreg-app-user
*** LOG addons.xpi-utils: Make addon winreg-app-user:dict@www.youdao.com visible
*** LOG DeferredSave/extensions.json: Save changes
*** LOG DeferredSave/extensions.json: Save changes
*** LOG addons.xpi: New add-on {82AF8DCA-6DE9-405D-BD5E-43525BDAD38A} installed in app-global
*** LOG addons.xpi-utils: Make addon app-global:{82AF8DCA-6DE9-405D-BD5E-43525BDAD38A} visible
*** LOG DeferredSave/extensions.json: Save changes
*** LOG DeferredSave/extensions.json: Save changes
*** LOG addons.xpi: New add-on {972ce4c6-7e08-4474-a285-3208198ce6fd} installed in app-global
*** LOG addons.xpi-utils: Make addon app-global:{972ce4c6-7e08-4474-a285-3208198ce6fd} visible
*** LOG DeferredSave/extensions.json: Save changes
*** LOG DeferredSave/extensions.json: Save changes
*** LOG addons.xpi: New add-on {1E2593B2-E106-4697-BCE7-A9D30DE05D73} installed in winreg-app-global
*** LOG addons.xpi-utils: Make addon winreg-app-global:{1E2593B2-E106-4697-BCE7-A9D30DE05D73} visible
*** LOG DeferredSave/extensions.json: Save changes
*** LOG DeferredSave/extensions.json: Save changes
*** LOG addons.xpi: New add-on {1B33E42F-EF14-4cd3-B6DC-174571C4349C} installed in winreg-app-global
*** LOG DeferredSave/extensions.json: Save changes
*** LOG addons.xpi: Updating database with changes to installed add-ons
*** LOG addons.xpi-utils: Updating add-on states
*** LOG addons.xpi-utils: Writing add-ons list
*** LOG DeferredSave/extensions.json: Starting timer
*** LOG DeferredSave/extensions.json: Starting write
*** LOG DeferredSave/extensions.json: Write succeeded
*** LOG addons.xpi-utils: XPI Database saved, setting schema version preference to 15
*** LOG addons.manager: shutdown
*** LOG addons.xpi: shutdown
*** LOG addons.xpi-utils: shutdown
*** LOG addons.xpi: Notifying XPI shutdown observers
*** LOG addons.manager: Async provider shutdown done
*** LOG addons.xpi: startup
*** LOG addons.xpi: Skipping unavailable install location app-system-local
*** LOG addons.xpi: Skipping unavailable install location app-system-share
*** LOG addons.xpi: Ignoring file entry whose name is not a valid add-on ID: C:\Users\FRANKW~1\AppData\Local\Temp\anonymous12631webdriver-profile\extensions\webdriver-staging
*** LOG addons.xpi: checkForChanges
*** LOG addons.xpi: No changes found
*** Blocklist::_loadBlocklistFromFile: blocklist is disabled
JavaScript error: chrome://browser/content/urlbarBindings.xml, line 648: aUrl is undefined
JavaScript error: chrome://browser/content/urlbarBindings.xml, line 648: aUrl is undefined
JavaScript error: chrome://browser/content/urlbarBindings.xml, line 648: aUrl is undefined
JavaScript error: chrome://browser/content/urlbarBindings.xml, line 648: aUrl is undefined
*** LOG addons.manager: shutdown
*** LOG addons.xpi: shutdown
*** LOG addons.xpi: Notifying XPI shutdown observers
*** LOG addons.manager: Async provider shutdown done

Build info: version: '2.37.0', revision: 'a7c61cbd68657e133ae96672cf995890bad2ee42', time: '2013-10-18 09:51:02'
System info: host: 'FrankWang-PC', ip: '10.100.70.144', os.name: 'Windows Vista', os.arch: 'x86', os.version: '6.1', java.version: '1.6.0_10-rc2'
Driver info: driver.version: FirefoxDriver
	at org.openqa.selenium.firefox.internal.NewProfileExtensionConnection.start(NewProfileExtensionConnection.java:120)
	at org.openqa.selenium.firefox.FirefoxDriver.startClient(FirefoxDriver.java:250)
	at org.openqa.selenium.remote.RemoteWebDriver.<init>(RemoteWebDriver.java:110)
	at org.openqa.selenium.firefox.FirefoxDriver.<init>(FirefoxDriver.java:195)
	at org.openqa.selenium.firefox.FirefoxDriver.<init>(FirefoxDriver.java:190)
	at org.openqa.selenium.firefox.FirefoxDriver.<init>(FirefoxDriver.java:186)
	at org.openqa.selenium.firefox.FirefoxDriver.<init>(FirefoxDriver.java:99)
	at ChuangYuan.zwq.NewTest.fapiao(NewTest.java:15)
	at sun.reflect.NativeMethodAccessorImpl.invoke0(Native Method)
	at sun.reflect.NativeMethodAccessorImpl.invoke(NativeMethodAccessorImpl.java:39)
	at sun.reflect.DelegatingMethodAccessorImpl.invoke(DelegatingMethodAccessorImpl.java:25)
	at java.lang.reflect.Method.invoke(Method.java:597)
	at org.testng.internal.MethodInvocationHelper.invokeMethod(MethodInvocationHelper.java:84)
	at org.testng.internal.Invoker.invokeMethod(Invoker.java:714)
	at org.testng.internal.Invoker.invokeTestMethod(Invoker.java:901)
	at org.testng.internal.Invoker.invokeTestMethods(Invoker.java:1231)
	at org.testng.internal.TestMethodWorker.invokeTestMethods(TestMethodWorker.java:127)
	at org.testng.internal.TestMethodWorker.run(TestMethodWorker.java:111)
	at org.testng.TestRunner.privateRun(TestRunner.java:767)
	at org.testng.TestRunner.run(TestRunner.java:617)
	at org.testng.SuiteRunner.runTest(SuiteRunner.java:334)
	at org.testng.SuiteRunner.runSequentially(SuiteRunner.java:329)
	at org.testng.SuiteRunner.privateRun(SuiteRunner.java:291)
	at org.testng.SuiteRunner.run(SuiteRunner.java:240)
	at org.testng.SuiteRunnerWorker.runSuite(SuiteRunnerWorker.java:52)
	at org.testng.SuiteRunnerWorker.run(SuiteRunnerWorker.java:86)
	at org.testng.TestNG.runSuitesSequentially(TestNG.java:1224)
	at org.testng.TestNG.runSuitesLocally(TestNG.java:1149)
	at org.testng.TestNG.run(TestNG.java:1057)
	at org.testng.remote.RemoteTestNG.run(RemoteTestNG.java:111)
	at org.testng.remote.RemoteTestNG.initAndRun(RemoteTestNG.java:204)
	at org.testng.remote.RemoteTestNG.main(RemoteTestNG.java:175)
Caused by: org.openqa.selenium.firefox.NotConnectedException: Unable to connect to host 127.0.0.1 on port 7055 after 45000 ms. Firefox console output:
\\Program Files\\Youdao\\Dict\\stable\\extensions\\firefox","mtime":1373875467523,"rdfTime":1361500470000}}},{"name":"app-profile","addons":{"fxdriver@googlecode.com":{"descriptor":"C:\\Users\\FRANKW~1\\AppData\\Local\\Temp\\anonymous12631webdriver-profile\\extensions\\fxdriver@googlecode.com","mtime":1397553414630,"rdfTime":1397553413966}}}]
*** LOG addons.xpi-utils: Opening XPI database C:\Users\FRANKW~1\AppData\Local\Temp\anonymous12631webdriver-profile\extensions.json
*** LOG addons.xpi: New add-on fxdriver@googlecode.com installed in app-profile
*** Blocklist::_loadBlocklistFromFile: blocklist is disabled
*** LOG addons.xpi-utils: Make addon app-profile:fxdriver@googlecode.com visible
*** LOG DeferredSave/extensions.json: Save changes
*** LOG DeferredSave/extensions.json: Save changes
*** LOG addons.xpi: New add-on {1B33E42F-EF14-4cd3-B6DC-174571C4349C} installed in winreg-app-user
*** LOG addons.xpi-utils: Make addon winreg-app-user:{1B33E42F-EF14-4cd3-B6DC-174571C4349C} visible
*** LOG DeferredSave/extensions.json: Save changes
*** LOG DeferredSave/extensions.json: Save changes
*** LOG addons.xpi: New add-on dict@www.youdao.com installed in winreg-app-user
*** LOG addons.xpi-utils: Make addon winreg-app-user:dict@www.youdao.com visible
*** LOG DeferredSave/extensions.json: Save changes
*** LOG DeferredSave/extensions.json: Save changes
*** LOG addons.xpi: New add-on {82AF8DCA-6DE9-405D-BD5E-43525BDAD38A} installed in app-global
*** LOG addons.xpi-utils: Make addon app-global:{82AF8DCA-6DE9-405D-BD5E-43525BDAD38A} visible
*** LOG DeferredSave/extensions.json: Save changes
*** LOG DeferredSave/extensions.json: Save changes
*** LOG addons.xpi: New add-on {972ce4c6-7e08-4474-a285-3208198ce6fd} installed in app-global
*** LOG addons.xpi-utils: Make addon app-global:{972ce4c6-7e08-4474-a285-3208198ce6fd} visible
*** LOG DeferredSave/extensions.json: Save changes
*** LOG DeferredSave/extensions.json: Save changes
*** LOG addons.xpi: New add-on {1E2593B2-E106-4697-BCE7-A9D30DE05D73} installed in winreg-app-global
*** LOG addons.xpi-utils: Make addon winreg-app-global:{1E2593B2-E106-4697-BCE7-A9D30DE05D73} visible
*** LOG DeferredSave/extensions.json: Save changes
*** LOG DeferredSave/extensions.json: Save changes
*** LOG addons.xpi: New add-on {1B33E42F-EF14-4cd3-B6DC-174571C4349C} installed in winreg-app-global
*** LOG DeferredSave/extensions.json: Save changes
*** LOG addons.xpi: Updating database with changes to installed add-ons
*** LOG addons.xpi-utils: Updating add-on states
*** LOG addons.xpi-utils: Writing add-ons list
*** LOG DeferredSave/extensions.json: Starting timer
*** LOG DeferredSave/extensions.json: Starting write
*** LOG DeferredSave/extensions.json: Write succeeded
*** LOG addons.xpi-utils: XPI Database saved, setting schema version preference to 15
*** LOG addons.manager: shutdown
*** LOG addons.xpi: shutdown
*** LOG addons.xpi-utils: shutdown
*** LOG addons.xpi: Notifying XPI shutdown observers
*** LOG addons.manager: Async provider shutdown done
*** LOG addons.xpi: startup
*** LOG addons.xpi: Skipping unavailable install location app-system-local
*** LOG addons.xpi: Skipping unavailable install location app-system-share
*** LOG addons.xpi: Ignoring file entry whose name is not a valid add-on ID: C:\Users\FRANKW~1\AppData\Local\Temp\anonymous12631webdriver-profile\extensions\webdriver-staging
*** LOG addons.xpi: checkForChanges
*** LOG addons.xpi: No changes found
*** Blocklist::_loadBlocklistFromFile: blocklist is disabled
JavaScript error: chrome://browser/content/urlbarBindings.xml, line 648: aUrl is undefined
JavaScript error: chrome://browser/content/urlbarBindings.xml, line 648: aUrl is undefined
JavaScript error: chrome://browser/content/urlbarBindings.xml, line 648: aUrl is undefined
JavaScript error: chrome://browser/content/urlbarBindings.xml, line 648: aUrl is undefined
*** LOG addons.manager: shutdown
*** LOG addons.xpi: shutdown
*** LOG addons.xpi: Notifying XPI shutdown observers
*** LOG addons.manager: Async provider shutdown done

	at org.openqa.selenium.firefox.internal.NewProfileExtensionConnection.start(NewProfileExtensionConnection.java:108)
	... 31 more
]]>
    </failure>
  </testcase> <!-- fapiao -->
</testsuite> <!-- ChuangYuan.zwq.NewTest -->
