<?xml version="1.0" encoding="UTF-8"?>
<!-- Generated by org.testng.reporters.JUnitReportReporter -->
<testsuite hostname="FrankWang-PC" name="trainings.startIE" tests="1" failures="0" timestamp="21 Jul 2014 06:29:44 GMT" time="12.668" errors="0">
  <testcase name="searchOngoogle" time="12.668" classname="trainings.startIE"/>
</testsuite> <!-- trainings.startIE -->
