<?xml version="1.0" encoding="UTF-8"?>
<!-- Generated by org.testng.reporters.JUnitReportReporter -->
<testsuite hostname="FrankWang-PC" name="DEMO.WebPosLogin" tests="1" failures="0" timestamp="7 Jan 2014 07:50:47 GMT" time="8.750" errors="0">
  <testcase name="searchOnBaidu" time="8.750" classname="DEMO.WebPosLogin"/>
</testsuite> <!-- DEMO.WebPosLogin -->
